<?xml version="1.0" encoding="UTF-8"?>
<!-- Generated by org.testng.reporters.JUnitXMLReporter -->
<testsuite hostname="MSI" ignored="0" name="OpenCart Tests" tests="2" failures="1" timestamp="2022-07-01T00:01:31 IST" time="10.314" errors="0">
  <testcase name="test_account_registration" time="3.229" classname="testcases.TC_001_AccountRegistration">
    <failure type="java.lang.AssertionError" message="expected [true] but found [false]">
      <![CDATA[java.lang.AssertionError: expected [true] but found [false]
at testcases.TC_001_AccountRegistration.test_account_registration(TC_001_AccountRegistration.java:66)
at java.util.ArrayList.forEach(ArrayList.java:1259)
... Removed 31 stack frames]]>
    </failure>
  </testcase> <!-- test_account_registration -->
  <testcase name="test_Login" time="0.77" classname="testcases.TC_002_Login"/>
</testsuite> <!-- OpenCart Tests -->
