<?xml version="1.0" encoding="UTF-8"?>
<!-- Generated by org.testng.reporters.JUnitXMLReporter -->
<testsuite hostname="MSI" ignored="0" name="EdgeTests" tests="1" failures="1" timestamp="2022-06-28T20:08:10 IST" time="15.495" errors="0">
  <testcase name="test_account_registration" time="11.913" classname="testcases.TC_001_AccountRegistration">
    <failure type="java.lang.AssertionError" message="expected [true] but found [false]">
      <![CDATA[java.lang.AssertionError: expected [true] but found [false]
at testcases.TC_001_AccountRegistration.test_account_registration(TC_001_AccountRegistration.java:64)
at java.util.ArrayList.forEach(ArrayList.java:1259)
at java.util.concurrent.FutureTask.run(FutureTask.java:266)
at java.util.concurrent.ThreadPoolExecutor.runWorker(ThreadPoolExecutor.java:1149)
at java.util.concurrent.ThreadPoolExecutor$Worker.run(ThreadPoolExecutor.java:624)
at java.lang.Thread.run(Thread.java:748)
... Removed 22 stack frames]]>
    </failure>
  </testcase> <!-- test_account_registration -->
</testsuite> <!-- EdgeTests -->
